app/build/intermediates/manifest_merge_blame_file/prodRelease/processProdReleaseMainManifest/manifest-merger-blame-prod-release-report.txt
1<?xml version="1.0" encoding="utf-8"?>
2<manifest xmlns:android="http://schemas.android.com/apk/res/android"
3    package="ai.tnj.haui"
4    android:versionCode="1"
5    android:versionName="1.0.0" >
6
7    <uses-sdk
7-->INJECTED
8        android:minSdkVersion="31"
8-->INJECTED
9        android:targetSdkVersion="36" />
9-->INJECTED
10
11    <uses-feature
11-->src/main/AndroidManifest.xml:6:5-8:36
12        android:name="android.hardware.camera"
12-->src/main/AndroidManifest.xml:7:9-47
13        android:required="false" />
13-->src/main/AndroidManifest.xml:8:9-33
14
15    <uses-permission android:name="android.permission.INTERNET" />
15-->src/main/AndroidManifest.xml:10:5-67
15-->src/main/AndroidManifest.xml:10:22-64
16    <uses-permission android:name="android.permission.RECORD_AUDIO" />
16-->src/main/AndroidManifest.xml:11:5-71
16-->src/main/AndroidManifest.xml:11:22-68
17    <uses-permission
17-->src/main/AndroidManifest.xml:12:5-107
18        android:name="android.permission.READ_EXTERNAL_STORAGE"
18-->src/main/AndroidManifest.xml:12:22-77
19        android:maxSdkVersion="32" />
19-->src/main/AndroidManifest.xml:12:78-104
20    <uses-permission android:name="android.permission.READ_MEDIA_IMAGES" />
20-->src/main/AndroidManifest.xml:13:5-16:38
20-->src/main/AndroidManifest.xml:14:9-60
21    <uses-permission android:name="android.permission.READ_MEDIA_VIDEO" />
21-->src/main/AndroidManifest.xml:17:5-20:38
21-->src/main/AndroidManifest.xml:18:9-59
22    <uses-permission android:name="android.permission.READ_MEDIA_VISUAL_USER_SELECTED" />
22-->src/main/AndroidManifest.xml:21:5-90
22-->src/main/AndroidManifest.xml:21:22-87
23
24    <permission
24-->[androidx.core:core:1.18.0] AndroidManifest.xml:22:5-24:47
25        android:name="ai.tnj.haui.DYNAMIC_RECEIVER_NOT_EXPORTED_PERMISSION"
25-->[androidx.core:core:1.18.0] AndroidManifest.xml:23:9-81
26        android:protectionLevel="signature" />
26-->[androidx.core:core:1.18.0] AndroidManifest.xml:24:9-44
27
28    <uses-permission android:name="ai.tnj.haui.DYNAMIC_RECEIVER_NOT_EXPORTED_PERMISSION" />
28-->[androidx.core:core:1.18.0] AndroidManifest.xml:26:5-97
28-->[androidx.core:core:1.18.0] AndroidManifest.xml:26:22-94
29
30    <application
30-->src/main/AndroidManifest.xml:24:5-43:19
31        android:name="ai.tnj.haui.HAUIApplication"
31-->src/main/AndroidManifest.xml:25:9-40
32        android:appComponentFactory="androidx.core.app.CoreComponentFactory"
32-->[androidx.core:core:1.18.0] AndroidManifest.xml:28:18-86
33        android:extractNativeLibs="false"
33-->INJECTED
34        android:icon="@mipmap/ic_launcher"
34-->src/main/AndroidManifest.xml:27:9-43
35        android:label="HAUI"
35-->src/main/AndroidManifest.xml:26:9-29
36        android:roundIcon="@mipmap/ic_launcher_round"
36-->src/main/AndroidManifest.xml:28:9-54
37        android:supportsRtl="true"
37-->src/main/AndroidManifest.xml:31:9-35
38        android:theme="@style/Theme.ClawNode"
38-->src/main/AndroidManifest.xml:29:9-46
39        android:usesCleartextTraffic="true" >
39-->src/main/AndroidManifest.xml:30:9-44
40        <activity
40-->src/main/AndroidManifest.xml:33:9-41:20
41            android:name="ai.tnj.haui.MainActivity"
41-->src/main/AndroidManifest.xml:34:13-41
42            android:exported="true"
42-->src/main/AndroidManifest.xml:35:13-36
43            android:windowSoftInputMode="adjustResize" >
43-->src/main/AndroidManifest.xml:36:13-55
44            <intent-filter>
44-->src/main/AndroidManifest.xml:37:13-40:29
45                <action android:name="android.intent.action.MAIN" />
45-->src/main/AndroidManifest.xml:38:17-69
45-->src/main/AndroidManifest.xml:38:25-66
46
47                <category android:name="android.intent.category.LAUNCHER" />
47-->src/main/AndroidManifest.xml:39:17-77
47-->src/main/AndroidManifest.xml:39:27-74
48            </intent-filter>
49        </activity>
50
51        <provider
51-->[androidx.emoji2:emoji2:1.4.0] AndroidManifest.xml:24:9-32:20
52            android:name="androidx.startup.InitializationProvider"
52-->[androidx.emoji2:emoji2:1.4.0] AndroidManifest.xml:25:13-67
53            android:authorities="ai.tnj.haui.androidx-startup"
53-->[androidx.emoji2:emoji2:1.4.0] AndroidManifest.xml:26:13-68
54            android:exported="false" >
54-->[androidx.emoji2:emoji2:1.4.0] AndroidManifest.xml:27:13-37
55            <meta-data
55-->[androidx.emoji2:emoji2:1.4.0] AndroidManifest.xml:29:13-31:52
56                android:name="androidx.emoji2.text.EmojiCompatInitializer"
56-->[androidx.emoji2:emoji2:1.4.0] AndroidManifest.xml:30:17-75
57                android:value="androidx.startup" />
57-->[androidx.emoji2:emoji2:1.4.0] AndroidManifest.xml:31:17-49
58            <meta-data
58-->[androidx.lifecycle:lifecycle-process:2.10.0] AndroidManifest.xml:29:13-31:52
59                android:name="androidx.lifecycle.ProcessLifecycleInitializer"
59-->[androidx.lifecycle:lifecycle-process:2.10.0] AndroidManifest.xml:30:17-78
60                android:value="androidx.startup" />
60-->[androidx.lifecycle:lifecycle-process:2.10.0] AndroidManifest.xml:31:17-49
61            <meta-data
61-->[com.squareup.okhttp3:okhttp-android:5.3.2] AndroidManifest.xml:16:13-18:52
62                android:name="okhttp3.internal.platform.PlatformInitializer"
62-->[com.squareup.okhttp3:okhttp-android:5.3.2] AndroidManifest.xml:17:17-77
63                android:value="androidx.startup" />
63-->[com.squareup.okhttp3:okhttp-android:5.3.2] AndroidManifest.xml:18:17-49
64            <meta-data
64-->[androidx.profileinstaller:profileinstaller:1.4.1] AndroidManifest.xml:29:13-31:52
65                android:name="androidx.profileinstaller.ProfileInstallerInitializer"
65-->[androidx.profileinstaller:profileinstaller:1.4.1] AndroidManifest.xml:30:17-85
66                android:value="androidx.startup" />
66-->[androidx.profileinstaller:profileinstaller:1.4.1] AndroidManifest.xml:31:17-49
67        </provider>
68
69        <uses-library
69-->[androidx.window:window:1.5.0] AndroidManifest.xml:23:9-25:40
70            android:name="androidx.window.extensions"
70-->[androidx.window:window:1.5.0] AndroidManifest.xml:24:13-54
71            android:required="false" />
71-->[androidx.window:window:1.5.0] AndroidManifest.xml:25:13-37
72        <uses-library
72-->[androidx.window:window:1.5.0] AndroidManifest.xml:26:9-28:40
73            android:name="androidx.window.sidecar"
73-->[androidx.window:window:1.5.0] AndroidManifest.xml:27:13-51
74            android:required="false" />
74-->[androidx.window:window:1.5.0] AndroidManifest.xml:28:13-37
75
76        <service
76-->[androidx.room:room-runtime-android:2.8.4] AndroidManifest.xml:24:9-28:63
77            android:name="androidx.room.MultiInstanceInvalidationService"
77-->[androidx.room:room-runtime-android:2.8.4] AndroidManifest.xml:25:13-74
78            android:directBootAware="true"
78-->[androidx.room:room-runtime-android:2.8.4] AndroidManifest.xml:26:13-43
79            android:exported="false" />
79-->[androidx.room:room-runtime-android:2.8.4] AndroidManifest.xml:27:13-37
80
81        <receiver
81-->[androidx.profileinstaller:profileinstaller:1.4.1] AndroidManifest.xml:34:9-52:20
82            android:name="androidx.profileinstaller.ProfileInstallReceiver"
82-->[androidx.profileinstaller:profileinstaller:1.4.1] AndroidManifest.xml:35:13-76
83            android:directBootAware="false"
83-->[androidx.profileinstaller:profileinstaller:1.4.1] AndroidManifest.xml:36:13-44
84            android:enabled="true"
84-->[androidx.profileinstaller:profileinstaller:1.4.1] AndroidManifest.xml:37:13-35
85            android:exported="true"
85-->[androidx.profileinstaller:profileinstaller:1.4.1] AndroidManifest.xml:38:13-36
86            android:permission="android.permission.DUMP" >
86-->[androidx.profileinstaller:profileinstaller:1.4.1] AndroidManifest.xml:39:13-57
87            <intent-filter>
87-->[androidx.profileinstaller:profileinstaller:1.4.1] AndroidManifest.xml:40:13-42:29
88                <action android:name="androidx.profileinstaller.action.INSTALL_PROFILE" />
88-->[androidx.profileinstaller:profileinstaller:1.4.1] AndroidManifest.xml:41:17-91
88-->[androidx.profileinstaller:profileinstaller:1.4.1] AndroidManifest.xml:41:25-88
89            </intent-filter>
90            <intent-filter>
90-->[androidx.profileinstaller:profileinstaller:1.4.1] AndroidManifest.xml:43:13-45:29
91                <action android:name="androidx.profileinstaller.action.SKIP_FILE" />
91-->[androidx.profileinstaller:profileinstaller:1.4.1] AndroidManifest.xml:44:17-85
91-->[androidx.profileinstaller:profileinstaller:1.4.1] AndroidManifest.xml:44:25-82
92            </intent-filter>
93            <intent-filter>
93-->[androidx.profileinstaller:profileinstaller:1.4.1] AndroidManifest.xml:46:13-48:29
94                <action android:name="androidx.profileinstaller.action.SAVE_PROFILE" />
94-->[androidx.profileinstaller:profileinstaller:1.4.1] AndroidManifest.xml:47:17-88
94-->[androidx.profileinstaller:profileinstaller:1.4.1] AndroidManifest.xml:47:25-85
95            </intent-filter>
96            <intent-filter>
96-->[androidx.profileinstaller:profileinstaller:1.4.1] AndroidManifest.xml:49:13-51:29
97                <action android:name="androidx.profileinstaller.action.BENCHMARK_OPERATION" />
97-->[androidx.profileinstaller:profileinstaller:1.4.1] AndroidManifest.xml:50:17-95
97-->[androidx.profileinstaller:profileinstaller:1.4.1] AndroidManifest.xml:50:25-92
98            </intent-filter>
99        </receiver>
100    </application>
101
102</manifest>